# JRE version: Java(TM) SE Runtime Environment (8.0_211-b12) (build 1.8.0_211-b12)
# Java VM: Java HotSpot(TM) 64-Bit Server VM (25.211-b12 mixed mode linux-amd64 compressed oops)
Heap:
 PSYoungGen      total 436224K, used 30206K [0x00000000d6a00000, 0x00000000f5680000, 0x0000000100000000)
  eden space 406016K, 0% used [0x00000000d6a00000,0x00000000d6a00000,0x00000000ef680000)
  from space 30208K, 99% used [0x00000000ef680000,0x00000000f13ffa30,0x00000000f1400000)
  to   space 23040K, 0% used [0x00000000f1400000,0x00000000f1400000,0x00000000f2a80000)
 ParOldGen       total 52736K, used 40917K [0x0000000083e00000, 0x0000000087180000, 0x00000000d6a00000)
  object space 52736K, 77% used [0x0000000083e00000,0x00000000865f57e0,0x0000000087180000)
 Metaspace       used 26130K, capacity 27012K, committed 27264K, reserved 1073152K
  class space    used 3476K, capacity 3701K, committed 3712K, reserved 1048576K
GC Heap History (10 events):
Event: 1.109 GC heap after
Heap after GC invocations=5 (full 0):
 PSYoungGen      total 136192K, used 5110K [0x00000000d6a00000, 0x00000000e7d00000, 0x0000000100000000)
  eden space 131072K, 0% used [0x00000000d6a00000,0x00000000d6a00000,0x00000000dea00000)
  from space 5120K, 99% used [0x00000000dea00000,0x00000000deefdad8,0x00000000def00000)
  to   space 9728K, 0% used [0x00000000e7380000,0x00000000e7380000,0x00000000e7d00000)
 ParOldGen       total 86016K, used 8548K [0x0000000083e00000, 0x0000000089200000, 0x00000000d6a00000)
  object space 86016K, 9% used [0x0000000083e00000,0x0000000084659380,0x0000000089200000)
 Metaspace       used 20651K, capacity 21208K, committed 21296K, reserved 1067008K
  class space    used 2734K, capacity 2905K, committed 2944K, reserved 1048576K
}
Event: 1.109 GC heap before
{Heap before GC invocations=6 (full 1):
 PSYoungGen      total 136192K, used 5110K [0x00000000d6a00000, 0x00000000e7d00000, 0x0000000100000000)
  eden space 131072K, 0% used [0x00000000d6a00000,0x00000000d6a00000,0x00000000dea00000)
  from space 5120K, 99% used [0x00000000dea00000,0x00000000deefdad8,0x00000000def00000)
  to   space 9728K, 0% used [0x00000000e7380000,0x00000000e7380000,0x00000000e7d00000)
 ParOldGen       total 86016K, used 8548K [0x0000000083e00000, 0x0000000089200000, 0x00000000d6a00000)
  object space 86016K, 9% used [0x0000000083e00000,0x0000000084659380,0x0000000089200000)
 Metaspace       used 20651K, capacity 21208K, committed 21296K, reserved 1067008K
  class space    used 2734K, capacity 2905K, committed 2944K, reserved 1048576K
Event: 1.128 GC heap after
Heap after GC invocations=6 (full 1):
 PSYoungGen      total 136192K, used 0K [0x00000000d6a00000, 0x00000000e7d00000, 0x0000000100000000)
  eden space 131072K, 0% used [0x00000000d6a00000,0x00000000d6a00000,0x00000000dea00000)
  from space 5120K, 0% used [0x00000000dea00000,0x00000000dea00000,0x00000000def00000)
  to   space 9728K, 0% used [0x00000000e7380000,0x00000000e7380000,0x00000000e7d00000)
 ParOldGen       total 52736K, used 8512K [0x0000000083e00000, 0x0000000087180000, 0x00000000d6a00000)
  object space 52736K, 16% used [0x0000000083e00000,0x0000000084650258,0x0000000087180000)
 Metaspace       used 20651K, capacity 21208K, committed 21296K, reserved 1067008K
  class space    used 2734K, capacity 2905K, committed 2944K, reserved 1048576K
}
Event: 1.397 GC heap before
{Heap before GC invocations=7 (full 1):
 PSYoungGen      total 136192K, used 131072K [0x00000000d6a00000, 0x00000000e7d00000, 0x0000000100000000)
  eden space 131072K, 100% used [0x00000000d6a00000,0x00000000dea00000,0x00000000dea00000)
  from space 5120K, 0% used [0x00000000dea00000,0x00000000dea00000,0x00000000def00000)
  to   space 9728K, 0% used [0x00000000e7380000,0x00000000e7380000,0x00000000e7d00000)
 ParOldGen       total 52736K, used 8512K [0x0000000083e00000, 0x0000000087180000, 0x00000000d6a00000)
  object space 52736K, 16% used [0x0000000083e00000,0x0000000084650258,0x0000000087180000)
 Metaspace       used 21966K, capacity 22656K, committed 22912K, reserved 1069056K
  class space    used 2909K, capacity 3111K, committed 3200K, reserved 1048576K
Event: 1.410 GC heap after
Heap after GC invocations=7 (full 1):
 PSYoungGen      total 242688K, used 9698K [0x00000000d6a00000, 0x00000000e7d00000, 0x0000000100000000)
  eden space 232960K, 0% used [0x00000000d6a00000,0x00000000d6a00000,0x00000000e4d80000)
  from space 9728K, 99% used [0x00000000e7380000,0x00000000e7cf8800,0x00000000e7d00000)
  to   space 14336K, 0% used [0x00000000e6100000,0x00000000e6100000,0x00000000e6f00000)
 ParOldGen       total 52736K, used 14448K [0x0000000083e00000, 0x0000000087180000, 0x00000000d6a00000)
  object space 52736K, 27% used [0x0000000083e00000,0x0000000084c1c0e0,0x0000000087180000)
 Metaspace       used 21966K, capacity 22656K, committed 22912K, reserved 1069056K
  class space    used 2909K, capacity 3111K, committed 3200K, reserved 1048576K
}
Event: 1.795 GC heap before
{Heap before GC invocations=8 (full 1):
 PSYoungGen      total 242688K, used 242658K [0x00000000d6a00000, 0x00000000e7d00000, 0x0000000100000000)
  eden space 232960K, 100% used [0x00000000d6a00000,0x00000000e4d80000,0x00000000e4d80000)
  from space 9728K, 99% used [0x00000000e7380000,0x00000000e7cf8800,0x00000000e7d00000)
  to   space 14336K, 0% used [0x00000000e6100000,0x00000000e6100000,0x00000000e6f00000)
 ParOldGen       total 52736K, used 14448K [0x0000000083e00000, 0x0000000087180000, 0x00000000d6a00000)
  object space 52736K, 27% used [0x0000000083e00000,0x0000000084c1c0e0,0x0000000087180000)
 Metaspace       used 21987K, capacity 22656K, committed 22912K, reserved 1069056K
  class space    used 2917K, capacity 3111K, committed 3200K, reserved 1048576K
Event: 1.818 GC heap after
Heap after GC invocations=8 (full 1):
 PSYoungGen      total 267264K, used 14325K [0x00000000d6a00000, 0x00000000f2a80000, 0x0000000100000000)
  eden space 252928K, 0% used [0x00000000d6a00000,0x00000000d6a00000,0x00000000e6100000)
  from space 14336K, 99% used [0x00000000e6100000,0x00000000e6efd678,0x00000000e6f00000)
  to   space 23040K, 0% used [0x00000000f1400000,0x00000000f1400000,0x00000000f2a80000)
 ParOldGen       total 52736K, used 27099K [0x0000000083e00000, 0x0000000087180000, 0x00000000d6a00000)
  object space 52736K, 51% used [0x0000000083e00000,0x0000000085876ee8,0x0000000087180000)
 Metaspace       used 21987K, capacity 22656K, committed 22912K, reserved 1069056K
  class space    used 2917K, capacity 3111K, committed 3200K, reserved 1048576K
}
Event: 2.380 GC heap before
{Heap before GC invocations=9 (full 1):
 PSYoungGen      total 267264K, used 267253K [0x00000000d6a00000, 0x00000000f2a80000, 0x0000000100000000)
  eden space 252928K, 100% used [0x00000000d6a00000,0x00000000e6100000,0x00000000e6100000)
  from space 14336K, 99% used [0x00000000e6100000,0x00000000e6efd678,0x00000000e6f00000)
  to   space 23040K, 0% used [0x00000000f1400000,0x00000000f1400000,0x00000000f2a80000)
 ParOldGen       total 52736K, used 27099K [0x0000000083e00000, 0x0000000087180000, 0x00000000d6a00000)
  object space 52736K, 51% used [0x0000000083e00000,0x0000000085876ee8,0x0000000087180000)
 Metaspace       used 25252K, capacity 26156K, committed 26368K, reserved 1073152K
  class space    used 3360K, capacity 3569K, committed 3584K, reserved 1048576K
Event: 2.401 GC heap after
Heap after GC invocations=9 (full 1):
 PSYoungGen      total 429056K, used 23039K [0x00000000d6a00000, 0x00000000f5680000, 0x0000000100000000)
  eden space 406016K, 0% used [0x00000000d6a00000,0x00000000d6a00000,0x00000000ef680000)
  from space 23040K, 99% used [0x00000000f1400000,0x00000000f2a7fdf8,0x00000000f2a80000)
  to   space 30208K, 0% used [0x00000000ef680000,0x00000000ef680000,0x00000000f1400000)
 ParOldGen       total 52736K, used 35123K [0x0000000083e00000, 0x0000000087180000, 0x00000000d6a00000)
  object space 52736K, 66% used [0x0000000083e00000,0x000000008604cc80,0x0000000087180000)
 Metaspace       used 25252K, capacity 26156K, committed 26368K, reserved 1073152K
  class space    used 3360K, capacity 3569K, committed 3584K, reserved 1048576K
}
Event: 3.052 GC heap before
{Heap before GC invocations=10 (full 1):
 PSYoungGen      total 429056K, used 429055K [0x00000000d6a00000, 0x00000000f5680000, 0x0000000100000000)
  eden space 406016K, 100% used [0x00000000d6a00000,0x00000000ef680000,0x00000000ef680000)
  from space 23040K, 99% used [0x00000000f1400000,0x00000000f2a7fdf8,0x00000000f2a80000)
  to   space 30208K, 0% used [0x00000000ef680000,0x00000000ef680000,0x00000000f1400000)
 ParOldGen       total 52736K, used 35123K [0x0000000083e00000, 0x0000000087180000, 0x00000000d6a00000)
  object space 52736K, 66% used [0x0000000083e00000,0x000000008604cc80,0x0000000087180000)
 Metaspace       used 26130K, capacity 27012K, committed 27264K, reserved 1073152K
  class space    used 3476K, capacity 3701K, committed 3712K, reserved 1048576K

