# JRE version: Java(TM) SE Runtime Environment (8.0_211-b12) (build 1.8.0_211-b12)
# Java VM: Java HotSpot(TM) 64-Bit Server VM (25.211-b12 mixed mode linux-amd64 compressed oops)
Heap:
 PSYoungGen      total 430080K, used 30186K [0x00000000d6a00000, 0x00000000f4f00000, 0x0000000100000000)
  eden space 399872K, 0% used [0x00000000d6a00000,0x00000000d6a00000,0x00000000ef080000)
  from space 30208K, 99% used [0x00000000ef080000,0x00000000f0dfaa98,0x00000000f0e00000)
  to   space 23040K, 0% used [0x00000000f0e00000,0x00000000f0e00000,0x00000000f2480000)
 ParOldGen       total 53760K, used 40477K [0x0000000083e00000, 0x0000000087280000, 0x00000000d6a00000)
  object space 53760K, 75% used [0x0000000083e00000,0x00000000865874e8,0x0000000087280000)
 Metaspace       used 26175K, capacity 27104K, committed 27392K, reserved 1073152K
  class space    used 3477K, capacity 3733K, committed 3840K, reserved 1048576K
GC Heap History (10 events):
Event: 1.096 GC heap after
Heap after GC invocations=5 (full 0):
 PSYoungGen      total 136192K, used 5092K [0x00000000d6a00000, 0x00000000e7d00000, 0x0000000100000000)
  eden space 131072K, 0% used [0x00000000d6a00000,0x00000000d6a00000,0x00000000dea00000)
  from space 5120K, 99% used [0x00000000dea00000,0x00000000deef9118,0x00000000def00000)
  to   space 9728K, 0% used [0x00000000e7380000,0x00000000e7380000,0x00000000e7d00000)
 ParOldGen       total 86016K, used 8953K [0x0000000083e00000, 0x0000000089200000, 0x00000000d6a00000)
  object space 86016K, 10% used [0x0000000083e00000,0x00000000846be570,0x0000000089200000)
 Metaspace       used 20653K, capacity 21204K, committed 21296K, reserved 1067008K
  class space    used 2720K, capacity 2905K, committed 2944K, reserved 1048576K
}
Event: 1.096 GC heap before
{Heap before GC invocations=6 (full 1):
 PSYoungGen      total 136192K, used 5092K [0x00000000d6a00000, 0x00000000e7d00000, 0x0000000100000000)
  eden space 131072K, 0% used [0x00000000d6a00000,0x00000000d6a00000,0x00000000dea00000)
  from space 5120K, 99% used [0x00000000dea00000,0x00000000deef9118,0x00000000def00000)
  to   space 9728K, 0% used [0x00000000e7380000,0x00000000e7380000,0x00000000e7d00000)
 ParOldGen       total 86016K, used 8953K [0x0000000083e00000, 0x0000000089200000, 0x00000000d6a00000)
  object space 86016K, 10% used [0x0000000083e00000,0x00000000846be570,0x0000000089200000)
 Metaspace       used 20653K, capacity 21204K, committed 21296K, reserved 1067008K
  class space    used 2720K, capacity 2905K, committed 2944K, reserved 1048576K
Event: 1.119 GC heap after
Heap after GC invocations=6 (full 1):
 PSYoungGen      total 136192K, used 0K [0x00000000d6a00000, 0x00000000e7d00000, 0x0000000100000000)
  eden space 131072K, 0% used [0x00000000d6a00000,0x00000000d6a00000,0x00000000dea00000)
  from space 5120K, 0% used [0x00000000dea00000,0x00000000dea00000,0x00000000def00000)
  to   space 9728K, 0% used [0x00000000e7380000,0x00000000e7380000,0x00000000e7d00000)
 ParOldGen       total 53760K, used 8989K [0x0000000083e00000, 0x0000000087280000, 0x00000000d6a00000)
  object space 53760K, 16% used [0x0000000083e00000,0x00000000846c74c0,0x0000000087280000)
 Metaspace       used 20653K, capacity 21204K, committed 21296K, reserved 1067008K
  class space    used 2720K, capacity 2905K, committed 2944K, reserved 1048576K
}
Event: 1.423 GC heap before
{Heap before GC invocations=7 (full 1):
 PSYoungGen      total 136192K, used 131072K [0x00000000d6a00000, 0x00000000e7d00000, 0x0000000100000000)
  eden space 131072K, 100% used [0x00000000d6a00000,0x00000000dea00000,0x00000000dea00000)
  from space 5120K, 0% used [0x00000000dea00000,0x00000000dea00000,0x00000000def00000)
  to   space 9728K, 0% used [0x00000000e7380000,0x00000000e7380000,0x00000000e7d00000)
 ParOldGen       total 53760K, used 8989K [0x0000000083e00000, 0x0000000087280000, 0x00000000d6a00000)
  object space 53760K, 16% used [0x0000000083e00000,0x00000000846c74c0,0x0000000087280000)
 Metaspace       used 22014K, capacity 22652K, committed 22912K, reserved 1069056K
  class space    used 2909K, capacity 3111K, committed 3200K, reserved 1048576K
Event: 1.444 GC heap after
Heap after GC invocations=7 (full 1):
 PSYoungGen      total 241664K, used 9713K [0x00000000d6a00000, 0x00000000e7d00000, 0x0000000100000000)
  eden space 231936K, 0% used [0x00000000d6a00000,0x00000000d6a00000,0x00000000e4c80000)
  from space 9728K, 99% used [0x00000000e7380000,0x00000000e7cfc6d0,0x00000000e7d00000)
  to   space 14336K, 0% used [0x00000000e6100000,0x00000000e6100000,0x00000000e6f00000)
 ParOldGen       total 53760K, used 14835K [0x0000000083e00000, 0x0000000087280000, 0x00000000d6a00000)
  object space 53760K, 27% used [0x0000000083e00000,0x0000000084c7cee8,0x0000000087280000)
 Metaspace       used 22014K, capacity 22652K, committed 22912K, reserved 1069056K
  class space    used 2909K, capacity 3111K, committed 3200K, reserved 1048576K
}
Event: 1.861 GC heap before
{Heap before GC invocations=8 (full 1):
 PSYoungGen      total 241664K, used 241649K [0x00000000d6a00000, 0x00000000e7d00000, 0x0000000100000000)
  eden space 231936K, 100% used [0x00000000d6a00000,0x00000000e4c80000,0x00000000e4c80000)
  from space 9728K, 99% used [0x00000000e7380000,0x00000000e7cfc6d0,0x00000000e7d00000)
  to   space 14336K, 0% used [0x00000000e6100000,0x00000000e6100000,0x00000000e6f00000)
 ParOldGen       total 53760K, used 14835K [0x0000000083e00000, 0x0000000087280000, 0x00000000d6a00000)
  object space 53760K, 27% used [0x0000000083e00000,0x0000000084c7cee8,0x0000000087280000)
 Metaspace       used 22034K, capacity 22716K, committed 22912K, reserved 1069056K
  class space    used 2916K, capacity 3111K, committed 3200K, reserved 1048576K
Event: 1.883 GC heap after
Heap after GC invocations=8 (full 1):
 PSYoungGen      total 267264K, used 14326K [0x00000000d6a00000, 0x00000000f2480000, 0x0000000100000000)
  eden space 252928K, 0% used [0x00000000d6a00000,0x00000000d6a00000,0x00000000e6100000)
  from space 14336K, 99% used [0x00000000e6100000,0x00000000e6efd998,0x00000000e6f00000)
  to   space 23040K, 0% used [0x00000000f0e00000,0x00000000f0e00000,0x00000000f2480000)
 ParOldGen       total 53760K, used 27117K [0x0000000083e00000, 0x0000000087280000, 0x00000000d6a00000)
  object space 53760K, 50% used [0x0000000083e00000,0x000000008587b560,0x0000000087280000)
 Metaspace       used 22034K, capacity 22716K, committed 22912K, reserved 1069056K
  class space    used 2916K, capacity 3111K, committed 3200K, reserved 1048576K
}
Event: 2.599 GC heap before
{Heap before GC invocations=9 (full 1):
 PSYoungGen      total 267264K, used 267254K [0x00000000d6a00000, 0x00000000f2480000, 0x0000000100000000)
  eden space 252928K, 100% used [0x00000000d6a00000,0x00000000e6100000,0x00000000e6100000)
  from space 14336K, 99% used [0x00000000e6100000,0x00000000e6efd998,0x00000000e6f00000)
  to   space 23040K, 0% used [0x00000000f0e00000,0x00000000f0e00000,0x00000000f2480000)
 ParOldGen       total 53760K, used 27117K [0x0000000083e00000, 0x0000000087280000, 0x00000000d6a00000)
  object space 53760K, 50% used [0x0000000083e00000,0x000000008587b560,0x0000000087280000)
 Metaspace       used 25298K, capacity 26152K, committed 26368K, reserved 1073152K
  class space    used 3362K, capacity 3569K, committed 3584K, reserved 1048576K
Event: 2.620 GC heap after
Heap after GC invocations=9 (full 1):
 PSYoungGen      total 422912K, used 23029K [0x00000000d6a00000, 0x00000000f4f00000, 0x0000000100000000)
  eden space 399872K, 0% used [0x00000000d6a00000,0x00000000d6a00000,0x00000000ef080000)
  from space 23040K, 99% used [0x00000000f0e00000,0x00000000f247d7f0,0x00000000f2480000)
  to   space 30208K, 0% used [0x00000000ef080000,0x00000000ef080000,0x00000000f0e00000)
 ParOldGen       total 53760K, used 34984K [0x0000000083e00000, 0x0000000087280000, 0x00000000d6a00000)
  object space 53760K, 65% used [0x0000000083e00000,0x000000008602a0f8,0x0000000087280000)
 Metaspace       used 25298K, capacity 26152K, committed 26368K, reserved 1073152K
  class space    used 3362K, capacity 3569K, committed 3584K, reserved 1048576K
}
Event: 3.234 GC heap before
{Heap before GC invocations=10 (full 1):
 PSYoungGen      total 422912K, used 422901K [0x00000000d6a00000, 0x00000000f4f00000, 0x0000000100000000)
  eden space 399872K, 100% used [0x00000000d6a00000,0x00000000ef080000,0x00000000ef080000)
  from space 23040K, 99% used [0x00000000f0e00000,0x00000000f247d7f0,0x00000000f2480000)
  to   space 30208K, 0% used [0x00000000ef080000,0x00000000ef080000,0x00000000f0e00000)
 ParOldGen       total 53760K, used 34984K [0x0000000083e00000, 0x0000000087280000, 0x00000000d6a00000)
  object space 53760K, 65% used [0x0000000083e00000,0x000000008602a0f8,0x0000000087280000)
 Metaspace       used 26175K, capacity 27104K, committed 27392K, reserved 1073152K
  class space    used 3477K, capacity 3733K, committed 3840K, reserved 1048576K

