# JRE version: Java(TM) SE Runtime Environment (8.0_211-b12) (build 1.8.0_211-b12)
# Java VM: Java HotSpot(TM) 64-Bit Server VM (25.211-b12 mixed mode linux-amd64 compressed oops)
Heap:
 PSYoungGen      total 125952K, used 7666K [0x00000000d6a00000, 0x00000000df800000, 0x0000000100000000)
  eden space 118272K, 0% used [0x00000000d6a00000,0x00000000d6a00000,0x00000000ddd80000)
  from space 7680K, 99% used [0x00000000de900000,0x00000000df07c830,0x00000000df080000)
  to   space 6144K, 0% used [0x00000000df200000,0x00000000df200000,0x00000000df800000)
 ParOldGen       total 46080K, used 12231K [0x0000000083e00000, 0x0000000086b00000, 0x00000000d6a00000)
  object space 46080K, 26% used [0x0000000083e00000,0x00000000849f1de0,0x0000000086b00000)
 Metaspace       used 29985K, capacity 31318K, committed 31488K, reserved 1077248K
  class space    used 4021K, capacity 4304K, committed 4352K, reserved 1048576K
GC Heap History (10 events):
Event: 0.855 GC heap after
Heap after GC invocations=3 (full 0):
 PSYoungGen      total 37888K, used 5106K [0x00000000d6a00000, 0x00000000db400000, 0x0000000100000000)
  eden space 32768K, 0% used [0x00000000d6a00000,0x00000000d6a00000,0x00000000d8a00000)
  from space 5120K, 99% used [0x00000000d8a00000,0x00000000d8efcac8,0x00000000d8f00000)
  to   space 5120K, 0% used [0x00000000daf00000,0x00000000daf00000,0x00000000db400000)
 ParOldGen       total 86016K, used 1282K [0x0000000083e00000, 0x0000000089200000, 0x00000000d6a00000)
  object space 86016K, 1% used [0x0000000083e00000,0x0000000083f408d8,0x0000000089200000)
 Metaspace       used 16462K, capacity 16978K, committed 17280K, reserved 1064960K
  class space    used 2215K, capacity 2366K, committed 2432K, reserved 1048576K
}
Event: 1.135 GC heap before
{Heap before GC invocations=4 (full 0):
 PSYoungGen      total 37888K, used 37874K [0x00000000d6a00000, 0x00000000db400000, 0x0000000100000000)
  eden space 32768K, 100% used [0x00000000d6a00000,0x00000000d8a00000,0x00000000d8a00000)
  from space 5120K, 99% used [0x00000000d8a00000,0x00000000d8efcac8,0x00000000d8f00000)
  to   space 5120K, 0% used [0x00000000daf00000,0x00000000daf00000,0x00000000db400000)
 ParOldGen       total 86016K, used 1282K [0x0000000083e00000, 0x0000000089200000, 0x00000000d6a00000)
  object space 86016K, 1% used [0x0000000083e00000,0x0000000083f408d8,0x0000000089200000)
 Metaspace       used 20400K, capacity 20992K, committed 21120K, reserved 1067008K
  class space    used 2711K, capacity 2895K, committed 2944K, reserved 1048576K
Event: 1.147 GC heap after
Heap after GC invocations=4 (full 0):
 PSYoungGen      total 70656K, used 5093K [0x00000000d6a00000, 0x00000000db400000, 0x0000000100000000)
  eden space 65536K, 0% used [0x00000000d6a00000,0x00000000d6a00000,0x00000000daa00000)
  from space 5120K, 99% used [0x00000000daf00000,0x00000000db3f9538,0x00000000db400000)
  to   space 5120K, 0% used [0x00000000daa00000,0x00000000daa00000,0x00000000daf00000)
 ParOldGen       total 86016K, used 3687K [0x0000000083e00000, 0x0000000089200000, 0x00000000d6a00000)
  object space 86016K, 4% used [0x0000000083e00000,0x0000000084199ec0,0x0000000089200000)
 Metaspace       used 20400K, capacity 20992K, committed 21120K, reserved 1067008K
  class space    used 2711K, capacity 2895K, committed 2944K, reserved 1048576K
}
Event: 1.190 GC heap before
{Heap before GC invocations=5 (full 0):
 PSYoungGen      total 70656K, used 8951K [0x00000000d6a00000, 0x00000000db400000, 0x0000000100000000)
  eden space 65536K, 5% used [0x00000000d6a00000,0x00000000d6dc4860,0x00000000daa00000)
  from space 5120K, 99% used [0x00000000daf00000,0x00000000db3f9538,0x00000000db400000)
  to   space 5120K, 0% used [0x00000000daa00000,0x00000000daa00000,0x00000000daf00000)
 ParOldGen       total 86016K, used 3687K [0x0000000083e00000, 0x0000000089200000, 0x00000000d6a00000)
  object space 86016K, 4% used [0x0000000083e00000,0x0000000084199ec0,0x0000000089200000)
 Metaspace       used 20730K, capacity 21252K, committed 21296K, reserved 1067008K
  class space    used 2747K, capacity 2907K, committed 2944K, reserved 1048576K
Event: 1.207 GC heap after
Heap after GC invocations=5 (full 0):
 PSYoungGen      total 70656K, used 5088K [0x00000000d6a00000, 0x00000000dfa00000, 0x0000000100000000)
  eden space 65536K, 0% used [0x00000000d6a00000,0x00000000d6a00000,0x00000000daa00000)
  from space 5120K, 99% used [0x00000000daa00000,0x00000000daef8030,0x00000000daf00000)
  to   space 8192K, 0% used [0x00000000df200000,0x00000000df200000,0x00000000dfa00000)
 ParOldGen       total 86016K, used 3716K [0x0000000083e00000, 0x0000000089200000, 0x00000000d6a00000)
  object space 86016K, 4% used [0x0000000083e00000,0x00000000841a1198,0x0000000089200000)
 Metaspace       used 20730K, capacity 21252K, committed 21296K, reserved 1067008K
  class space    used 2747K, capacity 2907K, committed 2944K, reserved 1048576K
}
Event: 1.207 GC heap before
{Heap before GC invocations=6 (full 1):
 PSYoungGen      total 70656K, used 5088K [0x00000000d6a00000, 0x00000000dfa00000, 0x0000000100000000)
  eden space 65536K, 0% used [0x00000000d6a00000,0x00000000d6a00000,0x00000000daa00000)
  from space 5120K, 99% used [0x00000000daa00000,0x00000000daef8030,0x00000000daf00000)
  to   space 8192K, 0% used [0x00000000df200000,0x00000000df200000,0x00000000dfa00000)
 ParOldGen       total 86016K, used 3716K [0x0000000083e00000, 0x0000000089200000, 0x00000000d6a00000)
  object space 86016K, 4% used [0x0000000083e00000,0x00000000841a1198,0x0000000089200000)
 Metaspace       used 20730K, capacity 21252K, committed 21296K, reserved 1067008K
  class space    used 2747K, capacity 2907K, committed 2944K, reserved 1048576K
Event: 1.229 GC heap after
Heap after GC invocations=6 (full 1):
 PSYoungGen      total 70656K, used 0K [0x00000000d6a00000, 0x00000000dfa00000, 0x0000000100000000)
  eden space 65536K, 0% used [0x00000000d6a00000,0x00000000d6a00000,0x00000000daa00000)
  from space 5120K, 0% used [0x00000000daa00000,0x00000000daa00000,0x00000000daf00000)
  to   space 8192K, 0% used [0x00000000df200000,0x00000000df200000,0x00000000dfa00000)
 ParOldGen       total 46080K, used 5037K [0x0000000083e00000, 0x0000000086b00000, 0x00000000d6a00000)
  object space 46080K, 10% used [0x0000000083e00000,0x00000000842eb7d0,0x0000000086b00000)
 Metaspace       used 20730K, capacity 21252K, committed 21296K, reserved 1067008K
  class space    used 2747K, capacity 2907K, committed 2944K, reserved 1048576K
}
Event: 1.667 GC heap before
{Heap before GC invocations=7 (full 1):
 PSYoungGen      total 70656K, used 65536K [0x00000000d6a00000, 0x00000000dfa00000, 0x0000000100000000)
  eden space 65536K, 100% used [0x00000000d6a00000,0x00000000daa00000,0x00000000daa00000)
  from space 5120K, 0% used [0x00000000daa00000,0x00000000daa00000,0x00000000daf00000)
  to   space 8192K, 0% used [0x00000000df200000,0x00000000df200000,0x00000000dfa00000)
 ParOldGen       total 46080K, used 5037K [0x0000000083e00000, 0x0000000086b00000, 0x00000000d6a00000)
  object space 46080K, 10% used [0x0000000083e00000,0x00000000842eb7d0,0x0000000086b00000)
 Metaspace       used 23938K, capacity 24720K, committed 24960K, reserved 1071104K
  class space    used 3181K, capacity 3383K, committed 3456K, reserved 1048576K
Event: 1.682 GC heap after
Heap after GC invocations=7 (full 1):
 PSYoungGen      total 124416K, used 5849K [0x00000000d6a00000, 0x00000000df800000, 0x0000000100000000)
  eden space 118272K, 0% used [0x00000000d6a00000,0x00000000d6a00000,0x00000000ddd80000)
  from space 6144K, 95% used [0x00000000df200000,0x00000000df7b64a0,0x00000000df800000)
  to   space 7680K, 0% used [0x00000000de900000,0x00000000de900000,0x00000000df080000)
 ParOldGen       total 46080K, used 5045K [0x0000000083e00000, 0x0000000086b00000, 0x00000000d6a00000)
  object space 46080K, 10% used [0x0000000083e00000,0x00000000842ed7d0,0x0000000086b00000)
 Metaspace       used 23938K, capacity 24720K, committed 24960K, reserved 1071104K
  class space    used 3181K, capacity 3383K, committed 3456K, reserved 1048576K
}
Event: 2.390 GC heap before
{Heap before GC invocations=8 (full 1):
 PSYoungGen      total 124416K, used 124121K [0x00000000d6a00000, 0x00000000df800000, 0x0000000100000000)
  eden space 118272K, 100% used [0x00000000d6a00000,0x00000000ddd80000,0x00000000ddd80000)
  from space 6144K, 95% used [0x00000000df200000,0x00000000df7b64a0,0x00000000df800000)
  to   space 7680K, 0% used [0x00000000de900000,0x00000000de900000,0x00000000df080000)
 ParOldGen       total 46080K, used 5045K [0x0000000083e00000, 0x0000000086b00000, 0x00000000d6a00000)
  object space 46080K, 10% used [0x0000000083e00000,0x00000000842ed7d0,0x0000000086b00000)
 Metaspace       used 29985K, capacity 31318K, committed 31488K, reserved 1077248K
  class space    used 4021K, capacity 4304K, committed 4352K, reserved 1048576K

