# JRE version: Java(TM) SE Runtime Environment (8.0_211-b12) (build 1.8.0_211-b12)
# Java VM: Java HotSpot(TM) 64-Bit Server VM (25.211-b12 mixed mode linux-amd64 compressed oops)
Heap:
 PSYoungGen      total 439296K, used 30711K [0x00000000d6a00000, 0x00000000f5580000, 0x0000000100000000)
  eden space 408576K, 0% used [0x00000000d6a00000,0x00000000d6a00000,0x00000000ef900000)
  from space 30720K, 99% used [0x00000000ef900000,0x00000000f16fdd68,0x00000000f1700000)
  to   space 23040K, 0% used [0x00000000f1700000,0x00000000f1700000,0x00000000f2d80000)
 ParOldGen       total 51712K, used 40410K [0x0000000083e00000, 0x0000000087080000, 0x00000000d6a00000)
  object space 51712K, 78% used [0x0000000083e00000,0x00000000865769e0,0x0000000087080000)
 Metaspace       used 26170K, capacity 27088K, committed 27264K, reserved 1073152K
  class space    used 3468K, capacity 3701K, committed 3712K, reserved 1048576K
GC Heap History (10 events):
Event: 1.120 GC heap after
Heap after GC invocations=5 (full 0):
 PSYoungGen      total 136192K, used 5108K [0x00000000d6a00000, 0x00000000e7d00000, 0x0000000100000000)
  eden space 131072K, 0% used [0x00000000d6a00000,0x00000000d6a00000,0x00000000dea00000)
  from space 5120K, 99% used [0x00000000dea00000,0x00000000deefd128,0x00000000def00000)
  to   space 9728K, 0% used [0x00000000e7380000,0x00000000e7380000,0x00000000e7d00000)
 ParOldGen       total 86016K, used 8142K [0x0000000083e00000, 0x0000000089200000, 0x00000000d6a00000)
  object space 86016K, 9% used [0x0000000083e00000,0x00000000845f3890,0x0000000089200000)
 Metaspace       used 20682K, capacity 21220K, committed 21296K, reserved 1067008K
  class space    used 2733K, capacity 2905K, committed 2944K, reserved 1048576K
}
Event: 1.120 GC heap before
{Heap before GC invocations=6 (full 1):
 PSYoungGen      total 136192K, used 5108K [0x00000000d6a00000, 0x00000000e7d00000, 0x0000000100000000)
  eden space 131072K, 0% used [0x00000000d6a00000,0x00000000d6a00000,0x00000000dea00000)
  from space 5120K, 99% used [0x00000000dea00000,0x00000000deefd128,0x00000000def00000)
  to   space 9728K, 0% used [0x00000000e7380000,0x00000000e7380000,0x00000000e7d00000)
 ParOldGen       total 86016K, used 8142K [0x0000000083e00000, 0x0000000089200000, 0x00000000d6a00000)
  object space 86016K, 9% used [0x0000000083e00000,0x00000000845f3890,0x0000000089200000)
 Metaspace       used 20682K, capacity 21220K, committed 21296K, reserved 1067008K
  class space    used 2733K, capacity 2905K, committed 2944K, reserved 1048576K
Event: 1.147 GC heap after
Heap after GC invocations=6 (full 1):
 PSYoungGen      total 136192K, used 0K [0x00000000d6a00000, 0x00000000e7d00000, 0x0000000100000000)
  eden space 131072K, 0% used [0x00000000d6a00000,0x00000000d6a00000,0x00000000dea00000)
  from space 5120K, 0% used [0x00000000dea00000,0x00000000dea00000,0x00000000def00000)
  to   space 9728K, 0% used [0x00000000e7380000,0x00000000e7380000,0x00000000e7d00000)
 ParOldGen       total 51712K, used 8000K [0x0000000083e00000, 0x0000000087080000, 0x00000000d6a00000)
  object space 51712K, 15% used [0x0000000083e00000,0x00000000845d03c8,0x0000000087080000)
 Metaspace       used 20682K, capacity 21220K, committed 21296K, reserved 1067008K
  class space    used 2733K, capacity 2905K, committed 2944K, reserved 1048576K
}
Event: 1.447 GC heap before
{Heap before GC invocations=7 (full 1):
 PSYoungGen      total 136192K, used 131072K [0x00000000d6a00000, 0x00000000e7d00000, 0x0000000100000000)
  eden space 131072K, 100% used [0x00000000d6a00000,0x00000000dea00000,0x00000000dea00000)
  from space 5120K, 0% used [0x00000000dea00000,0x00000000dea00000,0x00000000def00000)
  to   space 9728K, 0% used [0x00000000e7380000,0x00000000e7380000,0x00000000e7d00000)
 ParOldGen       total 51712K, used 8000K [0x0000000083e00000, 0x0000000087080000, 0x00000000d6a00000)
  object space 51712K, 15% used [0x0000000083e00000,0x00000000845d03c8,0x0000000087080000)
 Metaspace       used 22002K, capacity 22668K, committed 22912K, reserved 1069056K
  class space    used 2907K, capacity 3111K, committed 3200K, reserved 1048576K
Event: 1.464 GC heap after
Heap after GC invocations=7 (full 1):
 PSYoungGen      total 244736K, used 9705K [0x00000000d6a00000, 0x00000000e7d00000, 0x0000000100000000)
  eden space 235008K, 0% used [0x00000000d6a00000,0x00000000d6a00000,0x00000000e4f80000)
  from space 9728K, 99% used [0x00000000e7380000,0x00000000e7cfa618,0x00000000e7d00000)
  to   space 14336K, 0% used [0x00000000e6100000,0x00000000e6100000,0x00000000e6f00000)
 ParOldGen       total 51712K, used 13863K [0x0000000083e00000, 0x0000000087080000, 0x00000000d6a00000)
  object space 51712K, 26% used [0x0000000083e00000,0x0000000084b89ec8,0x0000000087080000)
 Metaspace       used 22002K, capacity 22668K, committed 22912K, reserved 1069056K
  class space    used 2907K, capacity 3111K, committed 3200K, reserved 1048576K
}
Event: 1.863 GC heap before
{Heap before GC invocations=8 (full 1):
 PSYoungGen      total 244736K, used 244713K [0x00000000d6a00000, 0x00000000e7d00000, 0x0000000100000000)
  eden space 235008K, 100% used [0x00000000d6a00000,0x00000000e4f80000,0x00000000e4f80000)
  from space 9728K, 99% used [0x00000000e7380000,0x00000000e7cfa618,0x00000000e7d00000)
  to   space 14336K, 0% used [0x00000000e6100000,0x00000000e6100000,0x00000000e6f00000)
 ParOldGen       total 51712K, used 13863K [0x0000000083e00000, 0x0000000087080000, 0x00000000d6a00000)
  object space 51712K, 26% used [0x0000000083e00000,0x0000000084b89ec8,0x0000000087080000)
 Metaspace       used 22025K, capacity 22668K, committed 22912K, reserved 1069056K
  class space    used 2915K, capacity 3111K, committed 3200K, reserved 1048576K
Event: 1.883 GC heap after
Heap after GC invocations=8 (full 1):
 PSYoungGen      total 267264K, used 14330K [0x00000000d6a00000, 0x00000000f2d80000, 0x0000000100000000)
  eden space 252928K, 0% used [0x00000000d6a00000,0x00000000d6a00000,0x00000000e6100000)
  from space 14336K, 99% used [0x00000000e6100000,0x00000000e6efe970,0x00000000e6f00000)
  to   space 23040K, 0% used [0x00000000f1700000,0x00000000f1700000,0x00000000f2d80000)
 ParOldGen       total 51712K, used 26918K [0x0000000083e00000, 0x0000000087080000, 0x00000000d6a00000)
  object space 51712K, 52% used [0x0000000083e00000,0x0000000085849810,0x0000000087080000)
 Metaspace       used 22025K, capacity 22668K, committed 22912K, reserved 1069056K
  class space    used 2915K, capacity 3111K, committed 3200K, reserved 1048576K
}
Event: 2.449 GC heap before
{Heap before GC invocations=9 (full 1):
 PSYoungGen      total 267264K, used 267258K [0x00000000d6a00000, 0x00000000f2d80000, 0x0000000100000000)
  eden space 252928K, 100% used [0x00000000d6a00000,0x00000000e6100000,0x00000000e6100000)
  from space 14336K, 99% used [0x00000000e6100000,0x00000000e6efe970,0x00000000e6f00000)
  to   space 23040K, 0% used [0x00000000f1700000,0x00000000f1700000,0x00000000f2d80000)
 ParOldGen       total 51712K, used 26918K [0x0000000083e00000, 0x0000000087080000, 0x00000000d6a00000)
  object space 51712K, 52% used [0x0000000083e00000,0x0000000085849810,0x0000000087080000)
 Metaspace       used 25293K, capacity 26168K, committed 26368K, reserved 1073152K
  class space    used 3354K, capacity 3569K, committed 3584K, reserved 1048576K
Event: 2.474 GC heap after
Heap after GC invocations=9 (full 1):
 PSYoungGen      total 431616K, used 23021K [0x00000000d6a00000, 0x00000000f5580000, 0x0000000100000000)
  eden space 408576K, 0% used [0x00000000d6a00000,0x00000000d6a00000,0x00000000ef900000)
  from space 23040K, 99% used [0x00000000f1700000,0x00000000f2d7b580,0x00000000f2d80000)
  to   space 30720K, 0% used [0x00000000ef900000,0x00000000ef900000,0x00000000f1700000)
 ParOldGen       total 51712K, used 35001K [0x0000000083e00000, 0x0000000087080000, 0x00000000d6a00000)
  object space 51712K, 67% used [0x0000000083e00000,0x000000008602e728,0x0000000087080000)
 Metaspace       used 25293K, capacity 26168K, committed 26368K, reserved 1073152K
  class space    used 3354K, capacity 3569K, committed 3584K, reserved 1048576K
}
Event: 3.080 GC heap before
{Heap before GC invocations=10 (full 1):
 PSYoungGen      total 431616K, used 431597K [0x00000000d6a00000, 0x00000000f5580000, 0x0000000100000000)
  eden space 408576K, 100% used [0x00000000d6a00000,0x00000000ef900000,0x00000000ef900000)
  from space 23040K, 99% used [0x00000000f1700000,0x00000000f2d7b580,0x00000000f2d80000)
  to   space 30720K, 0% used [0x00000000ef900000,0x00000000ef900000,0x00000000f1700000)
 ParOldGen       total 51712K, used 35001K [0x0000000083e00000, 0x0000000087080000, 0x00000000d6a00000)
  object space 51712K, 67% used [0x0000000083e00000,0x000000008602e728,0x0000000087080000)
 Metaspace       used 26170K, capacity 27088K, committed 27264K, reserved 1073152K
  class space    used 3468K, capacity 3701K, committed 3712K, reserved 1048576K

