# JRE version: Java(TM) SE Runtime Environment (8.0_211-b12) (build 1.8.0_211-b12)
# Java VM: Java HotSpot(TM) 64-Bit Server VM (25.211-b12 mixed mode linux-amd64 compressed oops)
Heap:
 PSYoungGen      total 438272K, used 30194K [0x00000000d6a00000, 0x00000000f5780000, 0x0000000100000000)
  eden space 408064K, 0% used [0x00000000d6a00000,0x00000000d6a00000,0x00000000ef880000)
  from space 30208K, 99% used [0x00000000ef880000,0x00000000f15fca40,0x00000000f1600000)
  to   space 23040K, 0% used [0x00000000f1600000,0x00000000f1600000,0x00000000f2c80000)
 ParOldGen       total 51712K, used 40706K [0x0000000083e00000, 0x0000000087080000, 0x00000000d6a00000)
  object space 51712K, 78% used [0x0000000083e00000,0x00000000865c09d0,0x0000000087080000)
 Metaspace       used 26150K, capacity 27048K, committed 27392K, reserved 1073152K
  class space    used 3478K, capacity 3733K, committed 3840K, reserved 1048576K
GC Heap History (10 events):
Event: 1.144 GC heap after
Heap after GC invocations=5 (full 0):
 PSYoungGen      total 136192K, used 5108K [0x00000000d6a00000, 0x00000000e7d00000, 0x0000000100000000)
  eden space 131072K, 0% used [0x00000000d6a00000,0x00000000d6a00000,0x00000000dea00000)
  from space 5120K, 99% used [0x00000000dea00000,0x00000000deefd108,0x00000000def00000)
  to   space 9728K, 0% used [0x00000000e7380000,0x00000000e7380000,0x00000000e7d00000)
 ParOldGen       total 86016K, used 8271K [0x0000000083e00000, 0x0000000089200000, 0x00000000d6a00000)
  object space 86016K, 9% used [0x0000000083e00000,0x0000000084613c00,0x0000000089200000)
 Metaspace       used 20651K, capacity 21212K, committed 21296K, reserved 1067008K
  class space    used 2734K, capacity 2905K, committed 2944K, reserved 1048576K
}
Event: 1.144 GC heap before
{Heap before GC invocations=6 (full 1):
 PSYoungGen      total 136192K, used 5108K [0x00000000d6a00000, 0x00000000e7d00000, 0x0000000100000000)
  eden space 131072K, 0% used [0x00000000d6a00000,0x00000000d6a00000,0x00000000dea00000)
  from space 5120K, 99% used [0x00000000dea00000,0x00000000deefd108,0x00000000def00000)
  to   space 9728K, 0% used [0x00000000e7380000,0x00000000e7380000,0x00000000e7d00000)
 ParOldGen       total 86016K, used 8271K [0x0000000083e00000, 0x0000000089200000, 0x00000000d6a00000)
  object space 86016K, 9% used [0x0000000083e00000,0x0000000084613c00,0x0000000089200000)
 Metaspace       used 20651K, capacity 21212K, committed 21296K, reserved 1067008K
  class space    used 2734K, capacity 2905K, committed 2944K, reserved 1048576K
Event: 1.166 GC heap after
Heap after GC invocations=6 (full 1):
 PSYoungGen      total 136192K, used 0K [0x00000000d6a00000, 0x00000000e7d00000, 0x0000000100000000)
  eden space 131072K, 0% used [0x00000000d6a00000,0x00000000d6a00000,0x00000000dea00000)
  from space 5120K, 0% used [0x00000000dea00000,0x00000000dea00000,0x00000000def00000)
  to   space 9728K, 0% used [0x00000000e7380000,0x00000000e7380000,0x00000000e7d00000)
 ParOldGen       total 51712K, used 8141K [0x0000000083e00000, 0x0000000087080000, 0x00000000d6a00000)
  object space 51712K, 15% used [0x0000000083e00000,0x00000000845f3428,0x0000000087080000)
 Metaspace       used 20651K, capacity 21212K, committed 21296K, reserved 1067008K
  class space    used 2734K, capacity 2905K, committed 2944K, reserved 1048576K
}
Event: 1.452 GC heap before
{Heap before GC invocations=7 (full 1):
 PSYoungGen      total 136192K, used 131072K [0x00000000d6a00000, 0x00000000e7d00000, 0x0000000100000000)
  eden space 131072K, 100% used [0x00000000d6a00000,0x00000000dea00000,0x00000000dea00000)
  from space 5120K, 0% used [0x00000000dea00000,0x00000000dea00000,0x00000000def00000)
  to   space 9728K, 0% used [0x00000000e7380000,0x00000000e7380000,0x00000000e7d00000)
 ParOldGen       total 51712K, used 8141K [0x0000000083e00000, 0x0000000087080000, 0x00000000d6a00000)
  object space 51712K, 15% used [0x0000000083e00000,0x00000000845f3428,0x0000000087080000)
 Metaspace       used 21986K, capacity 22660K, committed 22912K, reserved 1069056K
  class space    used 2912K, capacity 3111K, committed 3200K, reserved 1048576K
Event: 1.466 GC heap after
Heap after GC invocations=7 (full 1):
 PSYoungGen      total 244224K, used 9706K [0x00000000d6a00000, 0x00000000e7d00000, 0x0000000100000000)
  eden space 234496K, 0% used [0x00000000d6a00000,0x00000000d6a00000,0x00000000e4f00000)
  from space 9728K, 99% used [0x00000000e7380000,0x00000000e7cfa9a8,0x00000000e7d00000)
  to   space 14336K, 0% used [0x00000000e6100000,0x00000000e6100000,0x00000000e6f00000)
 ParOldGen       total 51712K, used 13891K [0x0000000083e00000, 0x0000000087080000, 0x00000000d6a00000)
  object space 51712K, 26% used [0x0000000083e00000,0x0000000084b90e58,0x0000000087080000)
 Metaspace       used 21986K, capacity 22660K, committed 22912K, reserved 1069056K
  class space    used 2912K, capacity 3111K, committed 3200K, reserved 1048576K
}
Event: 1.868 GC heap before
{Heap before GC invocations=8 (full 1):
 PSYoungGen      total 244224K, used 244202K [0x00000000d6a00000, 0x00000000e7d00000, 0x0000000100000000)
  eden space 234496K, 100% used [0x00000000d6a00000,0x00000000e4f00000,0x00000000e4f00000)
  from space 9728K, 99% used [0x00000000e7380000,0x00000000e7cfa9a8,0x00000000e7d00000)
  to   space 14336K, 0% used [0x00000000e6100000,0x00000000e6100000,0x00000000e6f00000)
 ParOldGen       total 51712K, used 13891K [0x0000000083e00000, 0x0000000087080000, 0x00000000d6a00000)
  object space 51712K, 26% used [0x0000000083e00000,0x0000000084b90e58,0x0000000087080000)
 Metaspace       used 22007K, capacity 22660K, committed 22912K, reserved 1069056K
  class space    used 2920K, capacity 3111K, committed 3200K, reserved 1048576K
Event: 1.888 GC heap after
Heap after GC invocations=8 (full 1):
 PSYoungGen      total 267264K, used 14320K [0x00000000d6a00000, 0x00000000f2c80000, 0x0000000100000000)
  eden space 252928K, 0% used [0x00000000d6a00000,0x00000000d6a00000,0x00000000e6100000)
  from space 14336K, 99% used [0x00000000e6100000,0x00000000e6efc170,0x00000000e6f00000)
  to   space 23040K, 0% used [0x00000000f1600000,0x00000000f1600000,0x00000000f2c80000)
 ParOldGen       total 51712K, used 26797K [0x0000000083e00000, 0x0000000087080000, 0x00000000d6a00000)
  object space 51712K, 51% used [0x0000000083e00000,0x000000008582b580,0x0000000087080000)
 Metaspace       used 22007K, capacity 22660K, committed 22912K, reserved 1069056K
  class space    used 2920K, capacity 3111K, committed 3200K, reserved 1048576K
}
Event: 2.481 GC heap before
{Heap before GC invocations=9 (full 1):
 PSYoungGen      total 267264K, used 267248K [0x00000000d6a00000, 0x00000000f2c80000, 0x0000000100000000)
  eden space 252928K, 100% used [0x00000000d6a00000,0x00000000e6100000,0x00000000e6100000)
  from space 14336K, 99% used [0x00000000e6100000,0x00000000e6efc170,0x00000000e6f00000)
  to   space 23040K, 0% used [0x00000000f1600000,0x00000000f1600000,0x00000000f2c80000)
 ParOldGen       total 51712K, used 26797K [0x0000000083e00000, 0x0000000087080000, 0x00000000d6a00000)
  object space 51712K, 51% used [0x0000000083e00000,0x000000008582b580,0x0000000087080000)
 Metaspace       used 25271K, capacity 26160K, committed 26368K, reserved 1073152K
  class space    used 3363K, capacity 3569K, committed 3584K, reserved 1048576K
Event: 2.510 GC heap after
Heap after GC invocations=9 (full 1):
 PSYoungGen      total 431104K, used 23027K [0x00000000d6a00000, 0x00000000f5780000, 0x0000000100000000)
  eden space 408064K, 0% used [0x00000000d6a00000,0x00000000d6a00000,0x00000000ef880000)
  from space 23040K, 99% used [0x00000000f1600000,0x00000000f2c7ce80,0x00000000f2c80000)
  to   space 30208K, 0% used [0x00000000ef880000,0x00000000ef880000,0x00000000f1600000)
 ParOldGen       total 51712K, used 34798K [0x0000000083e00000, 0x0000000087080000, 0x00000000d6a00000)
  object space 51712K, 67% used [0x0000000083e00000,0x0000000085ffba10,0x0000000087080000)
 Metaspace       used 25271K, capacity 26160K, committed 26368K, reserved 1073152K
  class space    used 3363K, capacity 3569K, committed 3584K, reserved 1048576K
}
Event: 3.114 GC heap before
{Heap before GC invocations=10 (full 1):
 PSYoungGen      total 431104K, used 431091K [0x00000000d6a00000, 0x00000000f5780000, 0x0000000100000000)
  eden space 408064K, 100% used [0x00000000d6a00000,0x00000000ef880000,0x00000000ef880000)
  from space 23040K, 99% used [0x00000000f1600000,0x00000000f2c7ce80,0x00000000f2c80000)
  to   space 30208K, 0% used [0x00000000ef880000,0x00000000ef880000,0x00000000f1600000)
 ParOldGen       total 51712K, used 34798K [0x0000000083e00000, 0x0000000087080000, 0x00000000d6a00000)
  object space 51712K, 67% used [0x0000000083e00000,0x0000000085ffba10,0x0000000087080000)
 Metaspace       used 26150K, capacity 27048K, committed 27392K, reserved 1073152K
  class space    used 3478K, capacity 3733K, committed 3840K, reserved 1048576K

