# JRE version: Java(TM) SE Runtime Environment (8.0_211-b12) (build 1.8.0_211-b12)
# Java VM: Java HotSpot(TM) 64-Bit Server VM (25.211-b12 mixed mode linux-amd64 compressed oops)
Heap:
 PSYoungGen      total 454656K, used 6182K [0x00000000d6a00000, 0x00000000f4000000, 0x0000000100000000)
  eden space 429568K, 0% used [0x00000000d6a00000,0x00000000d6a00000,0x00000000f0d80000)
  from space 25088K, 24% used [0x00000000f0d80000,0x00000000f1389980,0x00000000f2600000)
  to   space 23040K, 0% used [0x00000000f2600000,0x00000000f2600000,0x00000000f3c80000)
 ParOldGen       total 53248K, used 41950K [0x0000000083e00000, 0x0000000087200000, 0x00000000d6a00000)
  object space 53248K, 78% used [0x0000000083e00000,0x00000000866f79f8,0x0000000087200000)
 Metaspace       used 33941K, capacity 35340K, committed 35496K, reserved 1079296K
  class space    used 4459K, capacity 4747K, committed 4864K, reserved 1048576K
GC Heap History (10 events):
Event: 4.629 GC heap after
Heap after GC invocations=11 (full 1):
 PSYoungGen      total 209920K, used 15355K [0x00000000d6a00000, 0x00000000e4b00000, 0x0000000100000000)
  eden space 194560K, 0% used [0x00000000d6a00000,0x00000000d6a00000,0x00000000e2800000)
  from space 15360K, 99% used [0x00000000e3900000,0x00000000e47fedb0,0x00000000e4800000)
  to   space 17408K, 0% used [0x00000000e2800000,0x00000000e2800000,0x00000000e3900000)
 ParOldGen       total 53248K, used 18432K [0x0000000083e00000, 0x0000000087200000, 0x00000000d6a00000)
  object space 53248K, 34% used [0x0000000083e00000,0x00000000850002a8,0x0000000087200000)
 Metaspace       used 21928K, capacity 22600K, committed 22912K, reserved 1069056K
  class space    used 2923K, capacity 3111K, committed 3200K, reserved 1048576K
}
Event: 5.514 GC heap before
{Heap before GC invocations=12 (full 1):
 PSYoungGen      total 209920K, used 209915K [0x00000000d6a00000, 0x00000000e4b00000, 0x0000000100000000)
  eden space 194560K, 100% used [0x00000000d6a00000,0x00000000e2800000,0x00000000e2800000)
  from space 15360K, 99% used [0x00000000e3900000,0x00000000e47fedb0,0x00000000e4800000)
  to   space 17408K, 0% used [0x00000000e2800000,0x00000000e2800000,0x00000000e3900000)
 ParOldGen       total 53248K, used 18432K [0x0000000083e00000, 0x0000000087200000, 0x00000000d6a00000)
  object space 53248K, 34% used [0x0000000083e00000,0x00000000850002a8,0x0000000087200000)
 Metaspace       used 22964K, capacity 23668K, committed 23808K, reserved 1069056K
  class space    used 3056K, capacity 3259K, committed 3328K, reserved 1048576K
Event: 5.544 GC heap after
Heap after GC invocations=12 (full 1):
 PSYoungGen      total 211968K, used 17398K [0x00000000d6a00000, 0x00000000eb200000, 0x0000000100000000)
  eden space 194560K, 0% used [0x00000000d6a00000,0x00000000d6a00000,0x00000000e2800000)
  from space 17408K, 99% used [0x00000000e2800000,0x00000000e38fdba0,0x00000000e3900000)
  to   space 22016K, 0% used [0x00000000e9c80000,0x00000000e9c80000,0x00000000eb200000)
 ParOldGen       total 53248K, used 25467K [0x0000000083e00000, 0x0000000087200000, 0x00000000d6a00000)
  object space 53248K, 47% used [0x0000000083e00000,0x00000000856dec30,0x0000000087200000)
 Metaspace       used 22964K, capacity 23668K, committed 23808K, reserved 1069056K
  class space    used 3056K, capacity 3259K, committed 3328K, reserved 1048576K
}
Event: 6.479 GC heap before
{Heap before GC invocations=13 (full 1):
 PSYoungGen      total 211968K, used 211958K [0x00000000d6a00000, 0x00000000eb200000, 0x0000000100000000)
  eden space 194560K, 100% used [0x00000000d6a00000,0x00000000e2800000,0x00000000e2800000)
  from space 17408K, 99% used [0x00000000e2800000,0x00000000e38fdba0,0x00000000e3900000)
  to   space 22016K, 0% used [0x00000000e9c80000,0x00000000e9c80000,0x00000000eb200000)
 ParOldGen       total 53248K, used 25467K [0x0000000083e00000, 0x0000000087200000, 0x00000000d6a00000)
  object space 53248K, 47% used [0x0000000083e00000,0x00000000856dec30,0x0000000087200000)
 Metaspace       used 25271K, capacity 26164K, committed 26368K, reserved 1073152K
  class space    used 3366K, capacity 3569K, committed 3584K, reserved 1048576K
Event: 6.493 GC heap after
Heap after GC invocations=13 (full 1):
 PSYoungGen      total 308736K, used 13656K [0x00000000d6a00000, 0x00000000eaf80000, 0x0000000100000000)
  eden space 289280K, 0% used [0x00000000d6a00000,0x00000000d6a00000,0x00000000e8480000)
  from space 19456K, 70% used [0x00000000e9c80000,0x00000000ea9d6250,0x00000000eaf80000)
  to   space 22016K, 0% used [0x00000000e8480000,0x00000000e8480000,0x00000000e9a00000)
 ParOldGen       total 53248K, used 30315K [0x0000000083e00000, 0x0000000087200000, 0x00000000d6a00000)
  object space 53248K, 56% used [0x0000000083e00000,0x0000000085b9ac40,0x0000000087200000)
 Metaspace       used 25271K, capacity 26164K, committed 26368K, reserved 1073152K
  class space    used 3366K, capacity 3569K, committed 3584K, reserved 1048576K
}
Event: 7.083 GC heap before
{Heap before GC invocations=14 (full 1):
 PSYoungGen      total 308736K, used 302936K [0x00000000d6a00000, 0x00000000eaf80000, 0x0000000100000000)
  eden space 289280K, 100% used [0x00000000d6a00000,0x00000000e8480000,0x00000000e8480000)
  from space 19456K, 70% used [0x00000000e9c80000,0x00000000ea9d6250,0x00000000eaf80000)
  to   space 22016K, 0% used [0x00000000e8480000,0x00000000e8480000,0x00000000e9a00000)
 ParOldGen       total 53248K, used 30315K [0x0000000083e00000, 0x0000000087200000, 0x00000000d6a00000)
  object space 53248K, 56% used [0x0000000083e00000,0x0000000085b9ac40,0x0000000087200000)
 Metaspace       used 26076K, capacity 26988K, committed 27136K, reserved 1073152K
  class space    used 3479K, capacity 3733K, committed 3840K, reserved 1048576K
Event: 7.107 GC heap after
Heap after GC invocations=14 (full 1):
 PSYoungGen      total 311296K, used 16798K [0x00000000d6a00000, 0x00000000f3c80000, 0x0000000100000000)
  eden space 289280K, 0% used [0x00000000d6a00000,0x00000000d6a00000,0x00000000e8480000)
  from space 22016K, 76% used [0x00000000e8480000,0x00000000e94e7960,0x00000000e9a00000)
  to   space 23040K, 0% used [0x00000000f2600000,0x00000000f2600000,0x00000000f3c80000)
 ParOldGen       total 53248K, used 32723K [0x0000000083e00000, 0x0000000087200000, 0x00000000d6a00000)
  object space 53248K, 61% used [0x0000000083e00000,0x0000000085df4c40,0x0000000087200000)
 Metaspace       used 26076K, capacity 26988K, committed 27136K, reserved 1073152K
  class space    used 3479K, capacity 3733K, committed 3840K, reserved 1048576K
}
Event: 8.114 GC heap before
{Heap before GC invocations=15 (full 1):
 PSYoungGen      total 311296K, used 306078K [0x00000000d6a00000, 0x00000000f3c80000, 0x0000000100000000)
  eden space 289280K, 100% used [0x00000000d6a00000,0x00000000e8480000,0x00000000e8480000)
  from space 22016K, 76% used [0x00000000e8480000,0x00000000e94e7960,0x00000000e9a00000)
  to   space 23040K, 0% used [0x00000000f2600000,0x00000000f2600000,0x00000000f3c80000)
 ParOldGen       total 53248K, used 32723K [0x0000000083e00000, 0x0000000087200000, 0x00000000d6a00000)
  object space 53248K, 61% used [0x0000000083e00000,0x0000000085df4c40,0x0000000087200000)
 Metaspace       used 30050K, capacity 31378K, committed 31488K, reserved 1077248K
  class space    used 4036K, capacity 4314K, committed 4352K, reserved 1048576K
Event: 8.146 GC heap after
Heap after GC invocations=15 (full 1):
 PSYoungGen      total 452608K, used 19691K [0x00000000d6a00000, 0x00000000f4000000, 0x0000000100000000)
  eden space 429568K, 0% used [0x00000000d6a00000,0x00000000d6a00000,0x00000000f0d80000)
  from space 23040K, 85% used [0x00000000f2600000,0x00000000f393ac40,0x00000000f3c80000)
  to   space 25088K, 0% used [0x00000000f0d80000,0x00000000f0d80000,0x00000000f2600000)
 ParOldGen       total 53248K, used 34951K [0x0000000083e00000, 0x0000000087200000, 0x00000000d6a00000)
  object space 53248K, 65% used [0x0000000083e00000,0x0000000086021c70,0x0000000087200000)
 Metaspace       used 30050K, capacity 31378K, committed 31488K, reserved 1077248K
  class space    used 4036K, capacity 4314K, committed 4352K, reserved 1048576K
}
Event: 8.794 GC heap before
{Heap before GC invocations=16 (full 1):
 PSYoungGen      total 452608K, used 110190K [0x00000000d6a00000, 0x00000000f4000000, 0x0000000100000000)
  eden space 429568K, 21% used [0x00000000d6a00000,0x00000000dc260c90,0x00000000f0d80000)
  from space 23040K, 85% used [0x00000000f2600000,0x00000000f393ac40,0x00000000f3c80000)
  to   space 25088K, 0% used [0x00000000f0d80000,0x00000000f0d80000,0x00000000f2600000)
 ParOldGen       total 53248K, used 34951K [0x0000000083e00000, 0x0000000087200000, 0x00000000d6a00000)
  object space 53248K, 65% used [0x0000000083e00000,0x0000000086021c70,0x0000000087200000)
 Metaspace       used 33941K, capacity 35340K, committed 35496K, reserved 1079296K
  class space    used 4459K, capacity 4747K, committed 4864K, reserved 1048576K

